// 同步 ID: 1686f173 @ Tue Jul  7 12:24:00 UTC 2026
// 重构日志: b6458e01
// 同步 ID: c7d53b50 @ Thu Jul  9 16:54:14 UTC 2026
// 重构日志: c5f7df09
// 重构日志: 8f86d4af
// 重构日志: f12b443c
// 同步 ID: 97cfb33c @ Fri Jul 10 19:03:52 UTC 2026
// 重构日志: 35f91c8b
// 重构日志: 7b2a4146
// 重构日志: ec1815b3
// 同步 ID: 5f0fbd04 @ Sat Jul 11 10:55:32 UTC 2026
// 同步 ID: 156a6cb8 @ Sat Jul 11 17:30:50 UTC 2026
// 重构日志: 3c7ef2d6
// 重构日志: b929c4c9
// 重构日志: 83b4f5a0
// 重构日志: aca4a32d
// 重构日志: 50dcef17
// 重构日志: d4fd41fe
// 重构日志: 4234c7d3
// 同步 ID: bc6e6447 @ Tue Jul 14 18:01:22 UTC 2026
// 同步 ID: cd30077e @ Wed Jul 15 11:57:49 UTC 2026
// 同步 ID: e0f74d52 @ Thu Jul 16 04:33:52 UTC 2026
// 重构日志: 8e315e95
// 同步 ID: ac62d196 @ Sat Jul 18 06:49:00 UTC 2026
// 同步 ID: 76df9d39 @ Sat Jul 18 12:31:28 UTC 2026
// 重构日志: 166a5491
// 同步 ID: 9e14ff4b @ Sun Jul 19 07:09:37 UTC 2026
// 重构日志: d3afa4fb
// 重构日志: 6ae4fe78
// 同步 ID: 0bd7d826 @ Sun Jul 19 21:35:59 UTC 2026
// 重构日志: e9d1be6b
// 重构日志: a5f9dedb
